<?xml version="1.0" encoding="UTF-8"?>
<coverage generated="1765552350439" clover="3.2.0">
  <project timestamp="1765552350439" name="All files">
    <metrics statements="14" coveredstatements="12" conditionals="4" coveredconditionals="3" methods="5" coveredmethods="4" elements="23" coveredelements="19" complexity="0" loc="14" ncloc="14" packages="1" files="1" classes="1"/>
    <file name="app.js" path="C:\Proyectos\devops-final\app.js">
      <metrics statements="14" coveredstatements="12" conditionals="4" coveredconditionals="3" methods="5" coveredmethods="4"/>
      <line num="1" count="1" type="stmt"/>
      <line num="3" count="1" type="stmt"/>
      <line num="4" count="1" type="cond" truecount="2" falsecount="0"/>
      <line num="7" count="1" type="stmt"/>
      <line num="8" count="1" type="stmt"/>
      <line num="23" count="1" type="stmt"/>
      <line num="24" count="1" type="stmt"/>
      <line num="31" count="1" type="stmt"/>
      <line num="32" count="1" type="stmt"/>
      <line num="37" count="1" type="stmt"/>
      <line num="41" count="1" type="stmt"/>
      <line num="44" count="1" type="cond" truecount="1" falsecount="1"/>
      <line num="45" count="0" type="stmt"/>
      <line num="46" count="0" type="stmt"/>
    </file>
  </project>
</coverage>
